<?xml version="1.0" encoding="UTF-8"?>
<!-- Generated by org.testng.reporters.JUnitReportReporter -->
<testsuite hostname="DELL-PC" name="testScripts.Scenario_Login" tests="3" failures="0" timestamp="18 Mar 2017 11:25:41 GMT" time="31.708" errors="0">
  <testcase name="ValidLogin" time="8.156" classname="testScripts.Scenario_Login"/>
  <testcase name="ValidLogin" time="9.451" classname="testScripts.Scenario_Login"/>
  <testcase name="ValidLogin" time="14.101" classname="testScripts.Scenario_Login"/>
</testsuite> <!-- testScripts.Scenario_Login -->
