<?xml version="1.0" encoding="UTF-8"?>
<!-- Generated by org.testng.reporters.JUnitReportReporter -->
<testsuite hostname="DELL-PC" name="testScripts.Scenario_Search" tests="3" failures="0" timestamp="18 Mar 2017 11:25:41 GMT" time="39.235" errors="0">
  <testcase name="invalidsearch" time="10.696" classname="testScripts.Scenario_Search"/>
  <testcase name="invalidsearch" time="10.810" classname="testScripts.Scenario_Search"/>
  <testcase name="invalidsearch" time="17.729" classname="testScripts.Scenario_Search"/>
</testsuite> <!-- testScripts.Scenario_Search -->
